app/build/outputs/mapping/debug/seeds.txt
com.bumptech.glide.load.engine.EngineJob
com.bumptech.glide.load.engine.EngineJob: com.bumptech.glide.load.engine.EngineJob$EngineResourceFactory DEFAULT_FACTORY
com.bumptech.glide.load.engine.EngineJob: android.os.Handler MAIN_THREAD_HANDLER
com.bumptech.glide.load.engine.EngineJob: int MSG_COMPLETE
com.bumptech.glide.load.engine.EngineJob: int MSG_EXCEPTION
com.bumptech.glide.load.engine.EngineJob: java.util.List cbs
com.bumptech.glide.load.engine.EngineJob: com.bumptech.glide.load.engine.EngineJob$EngineResourceFactory engineResourceFactory
com.bumptech.glide.load.engine.EngineJob: com.bumptech.glide.load.engine.EngineJobListener listener
com.bumptech.glide.load.engine.EngineJob: com.bumptech.glide.load.Key key
com.bumptech.glide.load.engine.EngineJob: java.util.concurrent.ExecutorService diskCacheService
com.bumptech.glide.load.engine.EngineJob: java.util.concurrent.ExecutorService sourceService
com.bumptech.glide.load.engine.EngineJob: boolean isCacheable
com.bumptech.glide.load.engine.EngineJob: boolean isCancelled
com.bumptech.glide.load.engine.EngineJob: com.bumptech.glide.load.engine.Resource resource
com.bumptech.glide.load.engine.EngineJob: boolean hasResource
com.bumptech.glide.load.engine.EngineJob: java.lang.Exception exception
com.bumptech.glide.load.engine.EngineJob: boolean hasException
com.bumptech.glide.load.engine.EngineJob: java.util.Set ignoredCallbacks
com.bumptech.glide.load.engine.EngineJob$1
com.bumptech.glide.load.engine.EngineJob$EngineResourceFactory
com.bumptech.glide.load.engine.EngineJob$EngineResourceFactory: EngineJob$EngineResourceFactory()
com.bumptech.glide.load.engine.EngineJob$EngineResourceFactory: com.bumptech.glide.load.engine.EngineResource build(com.bumptech.glide.load.engine.Resource,boolean)
com.bumptech.glide.load.engine.EngineJob$MainThreadCallback
com.bumptech.glide.load.engine.EngineJob$MainThreadCallback: EngineJob$MainThreadCallback()
com.bumptech.glide.load.engine.EngineJob$MainThreadCallback: boolean handleMessage(android.os.Message)
com.bumptech.glide.load.engine.EngineJob$MainThreadCallback: EngineJob$MainThreadCallback(com.bumptech.glide.load.engine.EngineJob$1)
com.bumptech.glide.load.engine.EngineJobListener
com.bumptech.glide.load.engine.EngineJobListener: void onEngineJobComplete(com.bumptech.glide.load.Key,com.bumptech.glide.load.engine.EngineResource)
com.bumptech.glide.load.engine.EngineJobListener: void onEngineJobCancelled(com.bumptech.glide.load.engine.EngineJob,com.bumptech.glide.load.Key)
com.bumptech.glide.load.engine.EngineKey
com.bumptech.glide.load.engine.EngineKey: java.lang.String EMPTY_LOG_STRING
com.bumptech.glide.load.engine.EngineKey: java.lang.String id
com.bumptech.glide.load.engine.EngineKey: int width
com.bumptech.glide.load.engine.EngineKey: int height
com.bumptech.glide.load.engine.EngineKey: com.bumptech.glide.load.ResourceDecoder cacheDecoder
com.bumptech.glide.load.engine.EngineKey: com.bumptech.glide.load.ResourceDecoder decoder
com.bumptech.glide.load.engine.EngineKey: com.bumptech.glide.load.Transformation transformation
com.bumptech.glide.load.engine.EngineKey: com.bumptech.glide.load.ResourceEncoder encoder
com.bumptech.glide.load.engine.EngineKey: com.bumptech.glide.load.resource.transcode.ResourceTranscoder transcoder
com.bumptech.glide.load.engine.EngineKey: com.bumptech.glide.load.Encoder sourceEncoder
com.bumptech.glide.load.engine.EngineKey: com.bumptech.glide.load.Key signature
com.bumptech.glide.load.engine.EngineKey: java.lang.String stringKey
com.bumptech.glide.load.engine.EngineKey: int hashCode
com.bumptech.glide.load.engine.EngineKey: com.bumptech.glide.load.Key originalKey