app/build/outputs/mapping/debug/mapping.txt
android.support.design.widget.ValueAnimatorCompat$AnimatorUpdateListener -> android.support.design.widget.ValueAnimatorCompat$AnimatorUpdateListener:
    void onAnimationUpdate(android.support.design.widget.ValueAnimatorCompat) -> onAnimationUpdate
android.support.design.widget.ValueAnimatorCompat$Creator -> android.support.design.widget.ValueAnimatorCompat$Creator:
    android.support.design.widget.ValueAnimatorCompat createAnimator() -> createAnimator
android.support.design.widget.ValueAnimatorCompat$Impl -> android.support.design.widget.ValueAnimatorCompat$Impl:
    void <init>() -> <init>
    void start() -> start
    boolean isRunning() -> isRunning
    void setInterpolator(android.view.animation.Interpolator) -> setInterpolator
    void setListener(android.support.design.widget.ValueAnimatorCompat$Impl$AnimatorListenerProxy) -> setListener
    void setUpdateListener(android.support.design.widget.ValueAnimatorCompat$Impl$AnimatorUpdateListenerProxy) -> setUpdateListener
    void setIntValues(int,int) -> setIntValues
    int getAnimatedIntValue() -> getAnimatedIntValue
    void setFloatValues(float,float) -> setFloatValues
    float getAnimatedFloatValue() -> getAnimatedFloatValue
    void setDuration(int) -> setDuration
    void cancel() -> cancel
    float getAnimatedFraction() -> getAnimatedFraction
    void end() -> end
android.support.design.widget.ValueAnimatorCompat$Impl$AnimatorListenerProxy -> android.support.design.widget.ValueAnimatorCompat$Impl$AnimatorListenerProxy:
    void onAnimationStart() -> onAnimationStart
    void onAnimationEnd() -> onAnimationEnd
    void onAnimationCancel() -> onAnimationCancel
android.support.design.widget.ValueAnimatorCompat$Impl$AnimatorUpdateListenerProxy -> android.support.design.widget.ValueAnimatorCompat$Impl$AnimatorUpdateListenerProxy:
    void onAnimationUpdate() -> onAnimationUpdate
android.support.design.widget.ValueAnimatorCompatImplEclairMr1 -> android.support.design.widget.ValueAnimatorCompatImplEclairMr1:
    int HANDLER_DELAY -> HANDLER_DELAY
    int DEFAULT_DURATION -> DEFAULT_DURATION
    android.os.Handler sHandler -> sHandler
    long mStartTime -> mStartTime
    boolean mIsRunning -> mIsRunning
    int[] mIntValues -> mIntValues
    float[] mFloatValues -> mFloatValues
    int mDuration -> mDuration
    android.view.animation.Interpolator mInterpolator -> mInterpolator
    android.support.design.widget.ValueAnimatorCompat$Impl$AnimatorListenerProxy mListener -> mListener
    android.support.design.widget.ValueAnimatorCompat$Impl$AnimatorUpdateListenerProxy mUpdateListener -> mUpdateListener
    float mAnimatedFraction -> mAnimatedFraction
    java.lang.Runnable mRunnable -> mRunnable
    void <init>() -> <init>
    void start() -> start
    boolean isRunning() -> isRunning
    void setInterpolator(android.view.animation.Interpolator) -> setInterpolator
    void setListener(android.support.design.widget.ValueAnimatorCompat$Impl$AnimatorListenerProxy) -> setListener
    void setUpdateListener(android.support.design.widget.ValueAnimatorCompat$Impl$AnimatorUpdateListenerProxy) -> setUpdateListener
    void setIntValues(int,int) -> setIntValues
    int getAnimatedIntValue() -> getAnimatedIntValue
    void setFloatValues(float,float) -> setFloatValues
    float getAnimatedFloatValue() -> getAnimatedFloatValue
android.support.design.widget.ValueAnimatorCompatImplEclairMr1$1 -> android.support.design.widget.ValueAnimatorCompatImplEclairMr1$1:
    android.support.design.widget.ValueAnimatorCompatImplEclairMr1 this$0 -> this$0
    void <init>(android.support.design.widget.ValueAnimatorCompatImplEclairMr1) -> <init>
    void run() -> run